#
# There is insufficient memory for the Java Runtime Environment to continue.
# Native memory allocation (malloc) failed to allocate 1307536 bytes for Chunk::new
# Possible reasons:
#   The system is out of physical RAM or swap space
#   The process is running with CompressedOops enabled, and the Java Heap may be blocking the growth of the native heap
# Possible solutions:
#   Reduce memory load on the system
#   Increase physical memory or swap space
#   Check if swap backing store is full
#   Decrease Java heap size (-Xmx/-Xms)
#   Decrease number of Java threads
#   Decrease Java thread stack sizes (-Xss)
#   Set larger code cache with -XX:ReservedCodeCacheSize=
#   JVM is running with Unscaled Compressed Oops mode in which the Java heap is
#     placed in the first 4GB address space. The Java Heap base address is the
#     maximum limit for the native heap growth. Please use -XX:HeapBaseMinAddress
#     to set the Java Heap base and to place the Java Heap above 4GB virtual address.
# This output file may be truncated or incomplete.
#
#  Out of Memory Error (./open/src/hotspot/share/memory/arena.cpp:197), pid=6612, tid=12932
#
# JRE version: Java(TM) SE Runtime Environment 18.9 (11.0.7+8) (build 11.0.7+8-LTS)
# Java VM: Java HotSpot(TM) 64-Bit Server VM 18.9 (11.0.7+8-LTS, mixed mode, tiered, compressed oops, g1 gc, windows-amd64)
# No core dump will be written. Minidumps are not enabled by default on client versions of Windows
#

---------------  S U M M A R Y ------------

Command Line: -XX:MaxMetaspaceSize=256m -XX:+HeapDumpOnOutOfMemoryError --add-opens=java.base/java.util=ALL-UNNAMED --add-opens=java.base/java.lang=ALL-UNNAMED --add-opens=java.base/java.lang.invoke=ALL-UNNAMED --add-opens=java.base/java.util=ALL-UNNAMED --add-opens=java.prefs/java.util.prefs=ALL-UNNAMED --add-opens=java.prefs/java.util.prefs=ALL-UNNAMED --add-opens=java.base/java.nio.charset=ALL-UNNAMED --add-opens=java.base/java.net=ALL-UNNAMED --add-opens=java.base/java.util.concurrent.atomic=ALL-UNNAMED -Xms256m -Xmx512m -Dfile.encoding=x-windows-949 -Duser.country=KR -Duser.language=ko -Duser.variant org.gradle.launcher.daemon.bootstrap.GradleDaemon 7.0.2

Host: Intel(R) Core(TM) i5-8265U CPU @ 1.60GHz, 8 cores, 3G,  Windows 10 , 64 bit Build 19041 (10.0.19041.1023)
Time: Tue Jul  6 09:26:47 2021 대한민국 표준시 elapsed time: 15 seconds (0d 0h 0m 15s)

---------------  T H R E A D  ---------------

Current thread (0x000002a36b776000):  JavaThread "C2 CompilerThread0" daemon [_thread_in_native, id=12932, stack(0x000000dff9900000,0x000000dff9a00000)]


Current CompileTask:
C2:  15194 3542   !   4       jdk.internal.loader.URLClassPath$JarLoader::getResource (353 bytes)

Stack: [0x000000dff9900000,0x000000dff9a00000]
Native frames: (J=compiled Java code, j=interpreted, Vv=VM code, C=native code)
V  [jvm.dll+0x661a7a]
V  [jvm.dll+0x7a1b2f]
V  [jvm.dll+0x7a31d5]
V  [jvm.dll+0x7a3843]
V  [jvm.dll+0x25f1a8]
V  [jvm.dll+0xc2441]
V  [jvm.dll+0xc29cc]
V  [jvm.dll+0x36fce2]
V  [jvm.dll+0x33c793]
V  [jvm.dll+0x33bb6a]
V  [jvm.dll+0x2186e5]
V  [jvm.dll+0x21788a]
V  [jvm.dll+0x19407c]
V  [jvm.dll+0x226c74]
V  [jvm.dll+0x224e98]
V  [jvm.dll+0x765e25]
V  [jvm.dll+0x75e875]
V  [jvm.dll+0x660b26]
C  [ucrtbase.dll+0x21bb2]
C  [KERNEL32.DLL+0x17034]
C  [ntdll.dll+0x52651]


---------------  P R O C E S S  ---------------

Threads class SMR info:
_java_thread_list=0x000002a36e26e910, length=39, elements={
0x000002a34f292000, 0x000002a36ae37000, 0x000002a36ae38000, 0x000002a36ae86800,
0x000002a36b76a000, 0x000002a36b776000, 0x000002a36ae8b800, 0x000002a36ae8c800,
0x000002a36b90a000, 0x000002a36b90d800, 0x000002a36cc30000, 0x000002a36c8ea000,
0x000002a36dab6000, 0x000002a36ccde800, 0x000002a36ccdf000, 0x000002a36d990800,
0x000002a36d2b3000, 0x000002a36d29e000, 0x000002a36d2ab000, 0x000002a36c9f5800,
0x000002a36c9f6800, 0x000002a36c9f7800, 0x000002a36c0ea000, 0x000002a36c0eb000,
0x000002a36c0ec000, 0x000002a36c0ed800, 0x000002a36c0ec800, 0x000002a36c0ee000,
0x000002a36c0e8800, 0x000002a36c0ef000, 0x000002a36c0e9800, 0x000002a36c0f5800,
0x000002a36c0f4800, 0x000002a36c0f0000, 0x000002a36c0f6800, 0x000002a36c0f3000,
0x000002a36c0f2800, 0x000002a36c0f4000, 0x000002a36c0f7000
}

Java Threads: ( => current thread )
  0x000002a34f292000 JavaThread "main" [_thread_blocked, id=1116, stack(0x000000dff8e00000,0x000000dff8f00000)]
  0x000002a36ae37000 JavaThread "Reference Handler" daemon [_thread_blocked, id=12028, stack(0x000000dff9500000,0x000000dff9600000)]
  0x000002a36ae38000 JavaThread "Finalizer" daemon [_thread_blocked, id=5920, stack(0x000000dff9600000,0x000000dff9700000)]
  0x000002a36ae86800 JavaThread "Signal Dispatcher" daemon [_thread_blocked, id=9792, stack(0x000000dff9700000,0x000000dff9800000)]
  0x000002a36b76a000 JavaThread "Attach Listener" daemon [_thread_blocked, id=11532, stack(0x000000dff9800000,0x000000dff9900000)]
=>0x000002a36b776000 JavaThread "C2 CompilerThread0" daemon [_thread_in_native, id=12932, stack(0x000000dff9900000,0x000000dff9a00000)]
  0x000002a36ae8b800 JavaThread "C1 CompilerThread0" daemon [_thread_blocked, id=8556, stack(0x000000dff9a00000,0x000000dff9b00000)]
  0x000002a36ae8c800 JavaThread "Sweeper thread" daemon [_thread_blocked, id=11052, stack(0x000000dff9b00000,0x000000dff9c00000)]
  0x000002a36b90a000 JavaThread "Common-Cleaner" daemon [_thread_blocked, id=8552, stack(0x000000dff9c00000,0x000000dff9d00000)]
  0x000002a36b90d800 JavaThread "Service Thread" daemon [_thread_blocked, id=3604, stack(0x000000dff9d00000,0x000000dff9e00000)]
  0x000002a36cc30000 JavaThread "Daemon health stats" [_thread_blocked, id=9964, stack(0x000000dffa400000,0x000000dffa500000)]
  0x000002a36c8ea000 JavaThread "Incoming local TCP Connector on port 50971" [_thread_in_native, id=10120, stack(0x000000dffa500000,0x000000dffa600000)]
  0x000002a36dab6000 JavaThread "Daemon periodic checks" [_thread_blocked, id=992, stack(0x000000dffa600000,0x000000dffa700000)]
  0x000002a36ccde800 JavaThread "Daemon" [_thread_blocked, id=10536, stack(0x000000dffa700000,0x000000dffa800000)]
  0x000002a36ccdf000 JavaThread "Handler for socket connection from /127.0.0.1:50971 to /127.0.0.1:50972" [_thread_in_native, id=10568, stack(0x000000dffa800000,0x000000dffa900000)]
  0x000002a36d990800 JavaThread "Cancel handler" [_thread_blocked, id=9664, stack(0x000000dffa900000,0x000000dffaa00000)]
  0x000002a36d2b3000 JavaThread "Daemon worker" [_thread_in_native, id=2480, stack(0x000000dffaa00000,0x000000dffab00000)]
  0x000002a36d29e000 JavaThread "Asynchronous log dispatcher for DefaultDaemonConnection: socket connection from /127.0.0.1:50971 to /127.0.0.1:50972" [_thread_blocked, id=13856, stack(0x000000dffab00000,0x000000dffac00000)]
  0x000002a36d2ab000 JavaThread "Stdin handler" [_thread_blocked, id=5740, stack(0x000000dffac00000,0x000000dffad00000)]
  0x000002a36c9f5800 JavaThread "Daemon client event forwarder" [_thread_blocked, id=15008, stack(0x000000dffad00000,0x000000dffae00000)]
  0x000002a36c9f6800 JavaThread "Cache worker for file hash cache (C:\Users\yoo_j\.gradle\caches\7.0.2\fileHashes)" [_thread_blocked, id=13780, stack(0x000000dffae00000,0x000000dffaf00000)]
  0x000002a36c9f7800 JavaThread "File lock request listener" [_thread_in_native, id=9352, stack(0x000000dffaf00000,0x000000dffb000000)]
  0x000002a36c0ea000 JavaThread "Cache worker for journal cache (C:\Users\yoo_j\.gradle\caches\journal-1)" [_thread_blocked, id=2240, stack(0x000000dffb300000,0x000000dffb400000)]
  0x000002a36c0eb000 JavaThread "Cache worker for file hash cache (D:\Jihyeong\workspace\FinalProject\filesUpload_2\.gradle\7.0.2\fileHashes)" [_thread_blocked, id=12884, stack(0x000000dffb400000,0x000000dffb500000)]
  0x000002a36c0ec000 JavaThread "File watcher server" daemon [_thread_in_native, id=13912, stack(0x000000dffb500000,0x000000dffb600000)]
  0x000002a36c0ed800 JavaThread "File watcher consumer" daemon [_thread_blocked, id=7992, stack(0x000000dffb600000,0x000000dffb700000)]
  0x000002a36c0ec800 JavaThread "jar transforms" [_thread_blocked, id=12524, stack(0x000000dffb700000,0x000000dffb800000)]
  0x000002a36c0ee000 JavaThread "jar transforms Thread 2" [_thread_blocked, id=5252, stack(0x000000dffb800000,0x000000dffb900000)]
  0x000002a36c0e8800 JavaThread "jar transforms Thread 3" [_thread_blocked, id=5424, stack(0x000000dffb900000,0x000000dffba00000)]
  0x000002a36c0ef000 JavaThread "jar transforms Thread 4" [_thread_blocked, id=5136, stack(0x000000dffba00000,0x000000dffbb00000)]
  0x000002a36c0e9800 JavaThread "jar transforms Thread 5" [_thread_blocked, id=14392, stack(0x000000dffbb00000,0x000000dffbc00000)]
  0x000002a36c0f5800 JavaThread "jar transforms Thread 6" [_thread_blocked, id=11008, stack(0x000000dffbc00000,0x000000dffbd00000)]
  0x000002a36c0f4800 JavaThread "jar transforms Thread 7" [_thread_blocked, id=11840, stack(0x000000dffbd00000,0x000000dffbe00000)]
  0x000002a36c0f0000 JavaThread "jar transforms Thread 8" [_thread_blocked, id=10308, stack(0x000000dffbe00000,0x000000dffbf00000)]
  0x000002a36c0f6800 JavaThread "Cache worker for checksums cache (D:\Jihyeong\workspace\FinalProject\filesUpload_2\.gradle\checksums)" [_thread_blocked, id=2592, stack(0x000000dffbf00000,0x000000dffc000000)]
  0x000002a36c0f3000 JavaThread "Cache worker for cache directory md-supplier (C:\Users\yoo_j\.gradle\caches\7.0.2\md-supplier)" [_thread_blocked, id=14460, stack(0x000000dffc000000,0x000000dffc100000)]
  0x000002a36c0f2800 JavaThread "Cache worker for cache directory md-rule (C:\Users\yoo_j\.gradle\caches\7.0.2\md-rule)" [_thread_blocked, id=10720, stack(0x000000dffc100000,0x000000dffc200000)]
  0x000002a36c0f4000 JavaThread "Cache worker for execution history cache (C:\Users\yoo_j\.gradle\caches\7.0.2\executionHistory)" [_thread_blocked, id=11704, stack(0x000000dffc200000,0x000000dffc300000)]
  0x000002a36c0f7000 JavaThread "Cache worker for file content cache (C:\Users\yoo_j\.gradle\caches\7.0.2\fileContent)" [_thread_blocked, id=5904, stack(0x000000dffc300000,0x000000dffc400000)]

Other Threads:
  0x000002a36ae35000 VMThread "VM Thread" [stack: 0x000000dff9400000,0x000000dff9500000] [id=6132]
  0x000002a36b90f000 WatcherThread [stack: 0x000000dff9e00000,0x000000dff9f00000] [id=13184]
  0x000002a34f2ab800 GCTaskThread "GC Thread#0" [stack: 0x000000dff8f00000,0x000000dff9000000] [id=14824]
  0x000002a36bc1e800 GCTaskThread "GC Thread#1" [stack: 0x000000dff9f00000,0x000000dffa000000] [id=8944]
  0x000002a36ba5c000 GCTaskThread "GC Thread#2" [stack: 0x000000dffa000000,0x000000dffa100000] [id=6812]
  0x000002a36badf000 GCTaskThread "GC Thread#3" [stack: 0x000000dffa100000,0x000000dffa200000] [id=15184]
  0x000002a36bae0000 GCTaskThread "GC Thread#4" [stack: 0x000000dffa200000,0x000000dffa300000] [id=5652]
  0x000002a36c131800 GCTaskThread "GC Thread#5" [stack: 0x000000dffa300000,0x000000dffa400000] [id=13344]
  0x000002a36b85c000 GCTaskThread "GC Thread#6" [stack: 0x000000dffb000000,0x000000dffb100000] [id=14576]
  0x000002a36c756800 GCTaskThread "GC Thread#7" [stack: 0x000000dffb100000,0x000000dffb200000] [id=14796]
  0x000002a34f2bd000 ConcurrentGCThread "G1 Main Marker" [stack: 0x000000dff9000000,0x000000dff9100000] [id=6688]
  0x000002a34f2c0000 ConcurrentGCThread "G1 Conc#0" [stack: 0x000000dff9100000,0x000000dff9200000] [id=2776]
  0x000002a36c668800 ConcurrentGCThread "G1 Conc#1" [stack: 0x000000dffb200000,0x000000dffb300000] [id=15092]
  0x000002a34f37d800 ConcurrentGCThread "G1 Refine#0" [stack: 0x000000dff9200000,0x000000dff9300000] [id=1772]
  0x000002a34f37e800 ConcurrentGCThread "G1 Young RemSet Sampling" [stack: 0x000000dff9300000,0x000000dff9400000] [id=4492]

Threads with active compile tasks:
C2 CompilerThread03542   !   4       jdk.internal.loader.URLClassPath$JarLoader::getResource (353 bytes)

VM state:not at safepoint (normal execution)

VM Mutex/Monitor currently owned by a thread: None

Heap address: 0x00000000e0000000, size: 512 MB, Compressed Oops mode: 32-bit
Narrow klass base: 0x0000000000000000, Narrow klass shift: 3
Compressed class space size: 260046848 Address: 0x0000000100000000

Heap:
 garbage-first heap   total 262144K, used 114513K [0x00000000e0000000, 0x0000000100000000)
  region size 1024K, 85 young (87040K), 7 survivors (7168K)
 Metaspace       used 41907K, capacity 43035K, committed 43264K, reserved 292864K
  class space    used 5394K, capacity 5806K, committed 5888K, reserved 253952K
Heap Regions: E=young(eden), S=young(survivor), O=old, HS=humongous(starts), HC=humongous(continues), CS=collection set, F=free, A=archive, TAMS=top-at-mark-start (previous, next)
|   0|0x00000000e0000000, 0x00000000e0100000, 0x00000000e0100000|100%| O|  |TAMS 0x00000000e0100000, 0x00000000e0000000| Untracked 
|   1|0x00000000e0100000, 0x00000000e0200000, 0x00000000e0200000|100%| O|  |TAMS 0x00000000e0200000, 0x00000000e0100000| Untracked 
|   2|0x00000000e0200000, 0x00000000e0300000, 0x00000000e0300000|100%| O|  |TAMS 0x00000000e0300000, 0x00000000e0200000| Untracked 
|   3|0x00000000e0300000, 0x00000000e0400000, 0x00000000e0400000|100%|HS|  |TAMS 0x00000000e0400000, 0x00000000e0300000| Complete 
|   4|0x00000000e0400000, 0x00000000e0500000, 0x00000000e0500000|100%|HC|  |TAMS 0x00000000e0500000, 0x00000000e0400000| Complete 
|   5|0x00000000e0500000, 0x00000000e0600000, 0x00000000e0600000|100%|HC|  |TAMS 0x00000000e0600000, 0x00000000e0500000| Complete 
|   6|0x00000000e0600000, 0x00000000e0700000, 0x00000000e0700000|100%| O|  |TAMS 0x00000000e0700000, 0x00000000e0600000| Untracked 
|   7|0x00000000e0700000, 0x00000000e0800000, 0x00000000e0800000|100%| O|  |TAMS 0x00000000e0800000, 0x00000000e0700000| Untracked 
|   8|0x00000000e0800000, 0x00000000e0900000, 0x00000000e0900000|100%| O|  |TAMS 0x00000000e0900000, 0x00000000e0800000| Untracked 
|   9|0x00000000e0900000, 0x00000000e0a00000, 0x00000000e0a00000|100%| O|  |TAMS 0x00000000e0a00000, 0x00000000e0900000| Untracked 
|  10|0x00000000e0a00000, 0x00000000e0b00000, 0x00000000e0b00000|100%|HS|  |TAMS 0x00000000e0b00000, 0x00000000e0a00000| Complete 
|  11|0x00000000e0b00000, 0x00000000e0c00000, 0x00000000e0c00000|100%|HC|  |TAMS 0x00000000e0c00000, 0x00000000e0b00000| Complete 
|  12|0x00000000e0c00000, 0x00000000e0d00000, 0x00000000e0d00000|100%|HC|  |TAMS 0x00000000e0d00000, 0x00000000e0c00000| Complete 
|  13|0x00000000e0d00000, 0x00000000e0e00000, 0x00000000e0e00000|100%|HC|  |TAMS 0x00000000e0e00000, 0x00000000e0d00000| Complete 
|  14|0x00000000e0e00000, 0x00000000e0f00000, 0x00000000e0f00000|100%|HC|  |TAMS 0x00000000e0f00000, 0x00000000e0e00000| Complete 
|  15|0x00000000e0f00000, 0x00000000e1000000, 0x00000000e1000000|100%|HS|  |TAMS 0x00000000e1000000, 0x00000000e0f00000| Complete 
|  16|0x00000000e1000000, 0x00000000e1100000, 0x00000000e1100000|100%|HC|  |TAMS 0x00000000e1100000, 0x00000000e1000000| Complete 
|  17|0x00000000e1100000, 0x00000000e1200000, 0x00000000e1200000|100%|HC|  |TAMS 0x00000000e1200000, 0x00000000e1100000| Complete 
|  18|0x00000000e1200000, 0x00000000e1300000, 0x00000000e1300000|100%|HC|  |TAMS 0x00000000e1300000, 0x00000000e1200000| Complete 
|  19|0x00000000e1300000, 0x00000000e1400000, 0x00000000e1400000|100%| O|  |TAMS 0x00000000e1400000, 0x00000000e1300000| Untracked 
|  20|0x00000000e1400000, 0x00000000e1500000, 0x00000000e1500000|100%| O|  |TAMS 0x00000000e1500000, 0x00000000e1400000| Untracked 
|  21|0x00000000e1500000, 0x00000000e1600000, 0x00000000e1600000|100%| O|  |TAMS 0x00000000e1600000, 0x00000000e1500000| Untracked 
|  22|0x00000000e1600000, 0x00000000e1700000, 0x00000000e1700000|100%| O|  |TAMS 0x00000000e1700000, 0x00000000e1600000| Untracked 
|  23|0x00000000e1700000, 0x00000000e1800000, 0x00000000e1800000|100%| O|  |TAMS 0x00000000e1800000, 0x00000000e1700000| Untracked 
|  24|0x00000000e1800000, 0x00000000e1900000, 0x00000000e1900000|100%| O|  |TAMS 0x00000000e1900000, 0x00000000e1800000| Untracked 
|  25|0x00000000e1900000, 0x00000000e19d4600, 0x00000000e1a00000| 82%| O|  |TAMS 0x00000000e19d4600, 0x00000000e1900000| Untracked 
|  26|0x00000000e1a00000, 0x00000000e1b00000, 0x00000000e1b00000|100%|HS|  |TAMS 0x00000000e1a00000, 0x00000000e1a00000| Complete 
|  27|0x00000000e1b00000, 0x00000000e1c00000, 0x00000000e1c00000|100%|HS|  |TAMS 0x00000000e1b00000, 0x00000000e1b00000| Complete 
|  28|0x00000000e1c00000, 0x00000000e1d00000, 0x00000000e1d00000|100%|HC|  |TAMS 0x00000000e1c00000, 0x00000000e1c00000| Complete 
|  29|0x00000000e1d00000, 0x00000000e1d00000, 0x00000000e1e00000|  0%| F|  |TAMS 0x00000000e1d00000, 0x00000000e1d00000| Untracked 
|  30|0x00000000e1e00000, 0x00000000e1e00000, 0x00000000e1f00000|  0%| F|  |TAMS 0x00000000e1e00000, 0x00000000e1e00000| Untracked 
|  31|0x00000000e1f00000, 0x00000000e1f00000, 0x00000000e2000000|  0%| F|  |TAMS 0x00000000e1f00000, 0x00000000e1f00000| Untracked 
|  32|0x00000000e2000000, 0x00000000e2000000, 0x00000000e2100000|  0%| F|  |TAMS 0x00000000e2000000, 0x00000000e2000000| Untracked 
|  33|0x00000000e2100000, 0x00000000e2100000, 0x00000000e2200000|  0%| F|  |TAMS 0x00000000e2100000, 0x00000000e2100000| Untracked 
|  34|0x00000000e2200000, 0x00000000e2200000, 0x00000000e2300000|  0%| F|  |TAMS 0x00000000e2200000, 0x00000000e2200000| Untracked 
|  35|0x00000000e2300000, 0x00000000e2300000, 0x00000000e2400000|  0%| F|  |TAMS 0x00000000e2300000, 0x00000000e2300000| Untracked 
|  36|0x00000000e2400000, 0x00000000e2400000, 0x00000000e2500000|  0%| F|  |TAMS 0x00000000e2400000, 0x00000000e2400000| Untracked 
|  37|0x00000000e2500000, 0x00000000e2500000, 0x00000000e2600000|  0%| F|  |TAMS 0x00000000e2500000, 0x00000000e2500000| Untracked 
|  38|0x00000000e2600000, 0x00000000e2600000, 0x00000000e2700000|  0%| F|  |TAMS 0x00000000e2600000, 0x00000000e2600000| Untracked 
|  39|0x00000000e2700000, 0x00000000e2700000, 0x00000000e2800000|  0%| F|  |TAMS 0x00000000e2700000, 0x00000000e2700000| Untracked 
|  40|0x00000000e2800000, 0x00000000e2800000, 0x00000000e2900000|  0%| F|  |TAMS 0x00000000e2800000, 0x00000000e2800000| Untracked 
|  41|0x00000000e2900000, 0x00000000e2900000, 0x00000000e2a00000|  0%| F|  |TAMS 0x00000000e2900000, 0x00000000e2900000| Untracked 
|  42|0x00000000e2a00000, 0x00000000e2a00000, 0x00000000e2b00000|  0%| F|  |TAMS 0x00000000e2a00000, 0x00000000e2a00000| Untracked 
|  43|0x00000000e2b00000, 0x00000000e2b00000, 0x00000000e2c00000|  0%| F|  |TAMS 0x00000000e2b00000, 0x00000000e2b00000| Untracked 
|  44|0x00000000e2c00000, 0x00000000e2c00000, 0x00000000e2d00000|  0%| F|  |TAMS 0x00000000e2c00000, 0x00000000e2c00000| Untracked 
|  45|0x00000000e2d00000, 0x00000000e2d00000, 0x00000000e2e00000|  0%| F|  |TAMS 0x00000000e2d00000, 0x00000000e2d00000| Untracked 
|  46|0x00000000e2e00000, 0x00000000e2e00000, 0x00000000e2f00000|  0%| F|  |TAMS 0x00000000e2e00000, 0x00000000e2e00000| Untracked 
|  47|0x00000000e2f00000, 0x00000000e2f00000, 0x00000000e3000000|  0%| F|  |TAMS 0x00000000e2f00000, 0x00000000e2f00000| Untracked 
|  48|0x00000000e3000000, 0x00000000e3000000, 0x00000000e3100000|  0%| F|  |TAMS 0x00000000e3000000, 0x00000000e3000000| Untracked 
|  49|0x00000000e3100000, 0x00000000e3100000, 0x00000000e3200000|  0%| F|  |TAMS 0x00000000e3100000, 0x00000000e3100000| Untracked 
|  50|0x00000000e3200000, 0x00000000e3200000, 0x00000000e3300000|  0%| F|  |TAMS 0x00000000e3200000, 0x00000000e3200000| Untracked 
|  51|0x00000000e3300000, 0x00000000e3300000, 0x00000000e3400000|  0%| F|  |TAMS 0x00000000e3300000, 0x00000000e3300000| Untracked 
|  52|0x00000000e3400000, 0x00000000e3400000, 0x00000000e3500000|  0%| F|  |TAMS 0x00000000e3400000, 0x00000000e3400000| Untracked 
|  53|0x00000000e3500000, 0x00000000e3500000, 0x00000000e3600000|  0%| F|  |TAMS 0x00000000e3500000, 0x00000000e3500000| Untracked 
|  54|0x00000000e3600000, 0x00000000e3600000, 0x00000000e3700000|  0%| F|  |TAMS 0x00000000e3600000, 0x00000000e3600000| Untracked 
|  55|0x00000000e3700000, 0x00000000e3700000, 0x00000000e3800000|  0%| F|  |TAMS 0x00000000e3700000, 0x00000000e3700000| Untracked 
|  56|0x00000000e3800000, 0x00000000e3800000, 0x00000000e3900000|  0%| F|  |TAMS 0x00000000e3800000, 0x00000000e3800000| Untracked 
|  57|0x00000000e3900000, 0x00000000e3900000, 0x00000000e3a00000|  0%| F|  |TAMS 0x00000000e3900000, 0x00000000e3900000| Untracked 
|  58|0x00000000e3a00000, 0x00000000e3a00000, 0x00000000e3b00000|  0%| F|  |TAMS 0x00000000e3a00000, 0x00000000e3a00000| Untracked 
|  59|0x00000000e3b00000, 0x00000000e3b00000, 0x00000000e3c00000|  0%| F|  |TAMS 0x00000000e3b00000, 0x00000000e3b00000| Untracked 
|  60|0x00000000e3c00000, 0x00000000e3c00000, 0x00000000e3d00000|  0%| F|  |TAMS 0x00000000e3c00000, 0x00000000e3c00000| Untracked 
|  61|0x00000000e3d00000, 0x00000000e3d00000, 0x00000000e3e00000|  0%| F|  |TAMS 0x00000000e3d00000, 0x00000000e3d00000| Untracked 
|  62|0x00000000e3e00000, 0x00000000e3e00000, 0x00000000e3f00000|  0%| F|  |TAMS 0x00000000e3e00000, 0x00000000e3e00000| Untracked 
|  63|0x00000000e3f00000, 0x00000000e3f00000, 0x00000000e4000000|  0%| F|  |TAMS 0x00000000e3f00000, 0x00000000e3f00000| Untracked 
|  64|0x00000000e4000000, 0x00000000e4000000, 0x00000000e4100000|  0%| F|  |TAMS 0x00000000e4000000, 0x00000000e4000000| Untracked 
|  65|0x00000000e4100000, 0x00000000e4100000, 0x00000000e4200000|  0%| F|  |TAMS 0x00000000e4100000, 0x00000000e4100000| Untracked 
|  66|0x00000000e4200000, 0x00000000e4200000, 0x00000000e4300000|  0%| F|  |TAMS 0x00000000e4200000, 0x00000000e4200000| Untracked 
|  67|0x00000000e4300000, 0x00000000e4300000, 0x00000000e4400000|  0%| F|  |TAMS 0x00000000e4300000, 0x00000000e4300000| Untracked 
|  68|0x00000000e4400000, 0x00000000e4400000, 0x00000000e4500000|  0%| F|  |TAMS 0x00000000e4400000, 0x00000000e4400000| Untracked 
|  69|0x00000000e4500000, 0x00000000e4500000, 0x00000000e4600000|  0%| F|  |TAMS 0x00000000e4500000, 0x00000000e4500000| Untracked 
|  70|0x00000000e4600000, 0x00000000e4600000, 0x00000000e4700000|  0%| F|  |TAMS 0x00000000e4600000, 0x00000000e4600000| Untracked 
|  71|0x00000000e4700000, 0x00000000e4700000, 0x00000000e4800000|  0%| F|  |TAMS 0x00000000e4700000, 0x00000000e4700000| Untracked 
|  72|0x00000000e4800000, 0x00000000e4800000, 0x00000000e4900000|  0%| F|  |TAMS 0x00000000e4800000, 0x00000000e4800000| Untracked 
|  73|0x00000000e4900000, 0x00000000e4900000, 0x00000000e4a00000|  0%| F|  |TAMS 0x00000000e4900000, 0x00000000e4900000| Untracked 
|  74|0x00000000e4a00000, 0x00000000e4a00000, 0x00000000e4b00000|  0%| F|  |TAMS 0x00000000e4a00000, 0x00000000e4a00000| Untracked 
|  75|0x00000000e4b00000, 0x00000000e4b00000, 0x00000000e4c00000|  0%| F|  |TAMS 0x00000000e4b00000, 0x00000000e4b00000| Untracked 
|  76|0x00000000e4c00000, 0x00000000e4c00000, 0x00000000e4d00000|  0%| F|  |TAMS 0x00000000e4c00000, 0x00000000e4c00000| Untracked 
|  77|0x00000000e4d00000, 0x00000000e4d00000, 0x00000000e4e00000|  0%| F|  |TAMS 0x00000000e4d00000, 0x00000000e4d00000| Untracked 
|  78|0x00000000e4e00000, 0x00000000e4e00000, 0x00000000e4f00000|  0%| F|  |TAMS 0x00000000e4e00000, 0x00000000e4e00000| Untracked 
|  79|0x00000000e4f00000, 0x00000000e4f00000, 0x00000000e5000000|  0%| F|  |TAMS 0x00000000e4f00000, 0x00000000e4f00000| Untracked 
|  80|0x00000000e5000000, 0x00000000e5000000, 0x00000000e5100000|  0%| F|  |TAMS 0x00000000e5000000, 0x00000000e5000000| Untracked 
|  81|0x00000000e5100000, 0x00000000e5100000, 0x00000000e5200000|  0%| F|  |TAMS 0x00000000e5100000, 0x00000000e5100000| Untracked 
|  82|0x00000000e5200000, 0x00000000e5200000, 0x00000000e5300000|  0%| F|  |TAMS 0x00000000e5200000, 0x00000000e5200000| Untracked 
|  83|0x00000000e5300000, 0x00000000e5300000, 0x00000000e5400000|  0%| F|  |TAMS 0x00000000e5300000, 0x00000000e5300000| Untracked 
|  84|0x00000000e5400000, 0x00000000e5400000, 0x00000000e5500000|  0%| F|  |TAMS 0x00000000e5400000, 0x00000000e5400000| Untracked 
|  85|0x00000000e5500000, 0x00000000e5500000, 0x00000000e5600000|  0%| F|  |TAMS 0x00000000e5500000, 0x00000000e5500000| Untracked 
|  86|0x00000000e5600000, 0x00000000e5600000, 0x00000000e5700000|  0%| F|  |TAMS 0x00000000e5600000, 0x00000000e5600000| Untracked 
|  87|0x00000000e5700000, 0x00000000e5700000, 0x00000000e5800000|  0%| F|  |TAMS 0x00000000e5700000, 0x00000000e5700000| Untracked 
|  88|0x00000000e5800000, 0x00000000e5800000, 0x00000000e5900000|  0%| F|  |TAMS 0x00000000e5800000, 0x00000000e5800000| Untracked 
|  89|0x00000000e5900000, 0x00000000e5900000, 0x00000000e5a00000|  0%| F|  |TAMS 0x00000000e5900000, 0x00000000e5900000| Untracked 
|  90|0x00000000e5a00000, 0x00000000e5a00000, 0x00000000e5b00000|  0%| F|  |TAMS 0x00000000e5a00000, 0x00000000e5a00000| Untracked 
|  91|0x00000000e5b00000, 0x00000000e5b00000, 0x00000000e5c00000|  0%| F|  |TAMS 0x00000000e5b00000, 0x00000000e5b00000| Untracked 
|  92|0x00000000e5c00000, 0x00000000e5c00000, 0x00000000e5d00000|  0%| F|  |TAMS 0x00000000e5c00000, 0x00000000e5c00000| Untracked 
|  93|0x00000000e5d00000, 0x00000000e5d00000, 0x00000000e5e00000|  0%| F|  |TAMS 0x00000000e5d00000, 0x00000000e5d00000| Untracked 
|  94|0x00000000e5e00000, 0x00000000e5e00000, 0x00000000e5f00000|  0%| F|  |TAMS 0x00000000e5e00000, 0x00000000e5e00000| Untracked 
|  95|0x00000000e5f00000, 0x00000000e5f00000, 0x00000000e6000000|  0%| F|  |TAMS 0x00000000e5f00000, 0x00000000e5f00000| Untracked 
|  96|0x00000000e6000000, 0x00000000e6000000, 0x00000000e6100000|  0%| F|  |TAMS 0x00000000e6000000, 0x00000000e6000000| Untracked 
|  97|0x00000000e6100000, 0x00000000e6100000, 0x00000000e6200000|  0%| F|  |TAMS 0x00000000e6100000, 0x00000000e6100000| Untracked 
|  98|0x00000000e6200000, 0x00000000e6200000, 0x00000000e6300000|  0%| F|  |TAMS 0x00000000e6200000, 0x00000000e6200000| Untracked 
|  99|0x00000000e6300000, 0x00000000e6300000, 0x00000000e6400000|  0%| F|  |TAMS 0x00000000e6300000, 0x00000000e6300000| Untracked 
| 100|0x00000000e6400000, 0x00000000e6400000, 0x00000000e6500000|  0%| F|  |TAMS 0x00000000e6400000, 0x00000000e6400000| Untracked 
| 101|0x00000000e6500000, 0x00000000e6500000, 0x00000000e6600000|  0%| F|  |TAMS 0x00000000e6500000, 0x00000000e6500000| Untracked 
| 102|0x00000000e6600000, 0x00000000e6600000, 0x00000000e6700000|  0%| F|  |TAMS 0x00000000e6600000, 0x00000000e6600000| Untracked 
| 103|0x00000000e6700000, 0x00000000e6700000, 0x00000000e6800000|  0%| F|  |TAMS 0x00000000e6700000, 0x00000000e6700000| Untracked 
| 104|0x00000000e6800000, 0x00000000e6800000, 0x00000000e6900000|  0%| F|  |TAMS 0x00000000e6800000, 0x00000000e6800000| Untracked 
| 105|0x00000000e6900000, 0x00000000e6900000, 0x00000000e6a00000|  0%| F|  |TAMS 0x00000000e6900000, 0x00000000e6900000| Untracked 
| 106|0x00000000e6a00000, 0x00000000e6a00000, 0x00000000e6b00000|  0%| F|  |TAMS 0x00000000e6a00000, 0x00000000e6a00000| Untracked 
| 107|0x00000000e6b00000, 0x00000000e6b00000, 0x00000000e6c00000|  0%| F|  |TAMS 0x00000000e6b00000, 0x00000000e6b00000| Untracked 
| 108|0x00000000e6c00000, 0x00000000e6c00000, 0x00000000e6d00000|  0%| F|  |TAMS 0x00000000e6c00000, 0x00000000e6c00000| Untracked 
| 109|0x00000000e6d00000, 0x00000000e6d00000, 0x00000000e6e00000|  0%| F|  |TAMS 0x00000000e6d00000, 0x00000000e6d00000| Untracked 
| 110|0x00000000e6e00000, 0x00000000e6e00000, 0x00000000e6f00000|  0%| F|  |TAMS 0x00000000e6e00000, 0x00000000e6e00000| Untracked 
| 111|0x00000000e6f00000, 0x00000000e6f00000, 0x00000000e7000000|  0%| F|  |TAMS 0x00000000e6f00000, 0x00000000e6f00000| Untracked 
| 112|0x00000000e7000000, 0x00000000e7000000, 0x00000000e7100000|  0%| F|  |TAMS 0x00000000e7000000, 0x00000000e7000000| Untracked 
| 113|0x00000000e7100000, 0x00000000e7100000, 0x00000000e7200000|  0%| F|  |TAMS 0x00000000e7100000, 0x00000000e7100000| Untracked 
| 114|0x00000000e7200000, 0x00000000e7200000, 0x00000000e7300000|  0%| F|  |TAMS 0x00000000e7200000, 0x00000000e7200000| Untracked 
| 115|0x00000000e7300000, 0x00000000e7300000, 0x00000000e7400000|  0%| F|  |TAMS 0x00000000e7300000, 0x00000000e7300000| Untracked 
| 116|0x00000000e7400000, 0x00000000e7400000, 0x00000000e7500000|  0%| F|  |TAMS 0x00000000e7400000, 0x00000000e7400000| Untracked 
| 117|0x00000000e7500000, 0x00000000e7500000, 0x00000000e7600000|  0%| F|  |TAMS 0x00000000e7500000, 0x00000000e7500000| Untracked 
| 118|0x00000000e7600000, 0x00000000e7600000, 0x00000000e7700000|  0%| F|  |TAMS 0x00000000e7600000, 0x00000000e7600000| Untracked 
| 119|0x00000000e7700000, 0x00000000e7700000, 0x00000000e7800000|  0%| F|  |TAMS 0x00000000e7700000, 0x00000000e7700000| Untracked 
| 120|0x00000000e7800000, 0x00000000e7800000, 0x00000000e7900000|  0%| F|  |TAMS 0x00000000e7800000, 0x00000000e7800000| Untracked 
| 121|0x00000000e7900000, 0x00000000e7900000, 0x00000000e7a00000|  0%| F|  |TAMS 0x00000000e7900000, 0x00000000e7900000| Untracked 
| 122|0x00000000e7a00000, 0x00000000e7a00000, 0x00000000e7b00000|  0%| F|  |TAMS 0x00000000e7a00000, 0x00000000e7a00000| Untracked 
| 123|0x00000000e7b00000, 0x00000000e7b00000, 0x00000000e7c00000|  0%| F|  |TAMS 0x00000000e7b00000, 0x00000000e7b00000| Untracked 
| 124|0x00000000e7c00000, 0x00000000e7c00000, 0x00000000e7d00000|  0%| F|  |TAMS 0x00000000e7c00000, 0x00000000e7c00000| Untracked 
| 125|0x00000000e7d00000, 0x00000000e7d00000, 0x00000000e7e00000|  0%| F|  |TAMS 0x00000000e7d00000, 0x00000000e7d00000| Untracked 
| 126|0x00000000e7e00000, 0x00000000e7e00000, 0x00000000e7f00000|  0%| F|  |TAMS 0x00000000e7e00000, 0x00000000e7e00000| Untracked 
| 127|0x00000000e7f00000, 0x00000000e7f00000, 0x00000000e8000000|  0%| F|  |TAMS 0x00000000e7f00000, 0x00000000e7f00000| Untracked 
| 128|0x00000000e8000000, 0x00000000e8000000, 0x00000000e8100000|  0%| F|  |TAMS 0x00000000e8000000, 0x00000000e8000000| Untracked 
| 129|0x00000000e8100000, 0x00000000e8100000, 0x00000000e8200000|  0%| F|  |TAMS 0x00000000e8100000, 0x00000000e8100000| Untracked 
| 130|0x00000000e8200000, 0x00000000e8200000, 0x00000000e8300000|  0%| F|  |TAMS 0x00000000e8200000, 0x00000000e8200000| Untracked 
| 131|0x00000000e8300000, 0x00000000e8300000, 0x00000000e8400000|  0%| F|  |TAMS 0x00000000e8300000, 0x00000000e8300000| Untracked 
| 132|0x00000000e8400000, 0x00000000e8400000, 0x00000000e8500000|  0%| F|  |TAMS 0x00000000e8400000, 0x00000000e8400000| Untracked 
| 133|0x00000000e8500000, 0x00000000e8500000, 0x00000000e8600000|  0%| F|  |TAMS 0x00000000e8500000, 0x00000000e8500000| Untracked 
| 134|0x00000000e8600000, 0x00000000e8600000, 0x00000000e8700000|  0%| F|  |TAMS 0x00000000e8600000, 0x00000000e8600000| Untracked 
| 135|0x00000000e8700000, 0x00000000e8700000, 0x00000000e8800000|  0%| F|  |TAMS 0x00000000e8700000, 0x00000000e8700000| Untracked 
| 136|0x00000000e8800000, 0x00000000e8800000, 0x00000000e8900000|  0%| F|  |TAMS 0x00000000e8800000, 0x00000000e8800000| Untracked 
| 137|0x00000000e8900000, 0x00000000e8900000, 0x00000000e8a00000|  0%| F|  |TAMS 0x00000000e8900000, 0x00000000e8900000| Untracked 
| 138|0x00000000e8a00000, 0x00000000e8a00000, 0x00000000e8b00000|  0%| F|  |TAMS 0x00000000e8a00000, 0x00000000e8a00000| Untracked 
| 139|0x00000000e8b00000, 0x00000000e8b00000, 0x00000000e8c00000|  0%| F|  |TAMS 0x00000000e8b00000, 0x00000000e8b00000| Untracked 
| 140|0x00000000e8c00000, 0x00000000e8c00000, 0x00000000e8d00000|  0%| F|  |TAMS 0x00000000e8c00000, 0x00000000e8c00000| Untracked 
| 141|0x00000000e8d00000, 0x00000000e8d00000, 0x00000000e8e00000|  0%| F|  |TAMS 0x00000000e8d00000, 0x00000000e8d00000| Untracked 
| 142|0x00000000e8e00000, 0x00000000e8e00000, 0x00000000e8f00000|  0%| F|  |TAMS 0x00000000e8e00000, 0x00000000e8e00000| Untracked 
| 143|0x00000000e8f00000, 0x00000000e8f00000, 0x00000000e9000000|  0%| F|  |TAMS 0x00000000e8f00000, 0x00000000e8f00000| Untracked 
| 144|0x00000000e9000000, 0x00000000e9000000, 0x00000000e9100000|  0%| F|  |TAMS 0x00000000e9000000, 0x00000000e9000000| Untracked 
| 145|0x00000000e9100000, 0x00000000e9100000, 0x00000000e9200000|  0%| F|  |TAMS 0x00000000e9100000, 0x00000000e9100000| Untracked 
| 146|0x00000000e9200000, 0x00000000e9200000, 0x00000000e9300000|  0%| F|  |TAMS 0x00000000e9200000, 0x00000000e9200000| Untracked 
| 147|0x00000000e9300000, 0x00000000e9300000, 0x00000000e9400000|  0%| F|  |TAMS 0x00000000e9300000, 0x00000000e9300000| Untracked 
| 148|0x00000000e9400000, 0x00000000e9400000, 0x00000000e9500000|  0%| F|  |TAMS 0x00000000e9400000, 0x00000000e9400000| Untracked 
| 149|0x00000000e9500000, 0x00000000e9500000, 0x00000000e9600000|  0%| F|  |TAMS 0x00000000e9500000, 0x00000000e9500000| Untracked 
| 150|0x00000000e9600000, 0x00000000e9600000, 0x00000000e9700000|  0%| F|  |TAMS 0x00000000e9600000, 0x00000000e9600000| Untracked 
| 151|0x00000000e9700000, 0x00000000e9700000, 0x00000000e9800000|  0%| F|  |TAMS 0x00000000e9700000, 0x00000000e9700000| Untracked 
| 152|0x00000000e9800000, 0x00000000e9800000, 0x00000000e9900000|  0%| F|  |TAMS 0x00000000e9800000, 0x00000000e9800000| Untracked 
| 153|0x00000000e9900000, 0x00000000e9900000, 0x00000000e9a00000|  0%| F|  |TAMS 0x00000000e9900000, 0x00000000e9900000| Untracked 
| 154|0x00000000e9a00000, 0x00000000e9a00000, 0x00000000e9b00000|  0%| F|  |TAMS 0x00000000e9a00000, 0x00000000e9a00000| Untracked 
| 155|0x00000000e9b00000, 0x00000000e9b00000, 0x00000000e9c00000|  0%| F|  |TAMS 0x00000000e9b00000, 0x00000000e9b00000| Untracked 
| 156|0x00000000e9c00000, 0x00000000e9c00000, 0x00000000e9d00000|  0%| F|  |TAMS 0x00000000e9c00000, 0x00000000e9c00000| Untracked 
| 157|0x00000000e9d00000, 0x00000000e9d00000, 0x00000000e9e00000|  0%| F|  |TAMS 0x00000000e9d00000, 0x00000000e9d00000| Untracked 
| 158|0x00000000e9e00000, 0x00000000e9e00000, 0x00000000e9f00000|  0%| F|  |TAMS 0x00000000e9e00000, 0x00000000e9e00000| Untracked 
| 159|0x00000000e9f00000, 0x00000000e9f00000, 0x00000000ea000000|  0%| F|  |TAMS 0x00000000e9f00000, 0x00000000e9f00000| Untracked 
| 160|0x00000000ea000000, 0x00000000ea000000, 0x00000000ea100000|  0%| F|  |TAMS 0x00000000ea000000, 0x00000000ea000000| Untracked 
| 161|0x00000000ea100000, 0x00000000ea100000, 0x00000000ea200000|  0%| F|  |TAMS 0x00000000ea100000, 0x00000000ea100000| Untracked 
| 162|0x00000000ea200000, 0x00000000ea200000, 0x00000000ea300000|  0%| F|  |TAMS 0x00000000ea200000, 0x00000000ea200000| Untracked 
| 163|0x00000000ea300000, 0x00000000ea300000, 0x00000000ea400000|  0%| F|  |TAMS 0x00000000ea300000, 0x00000000ea300000| Untracked 
| 164|0x00000000ea400000, 0x00000000ea400000, 0x00000000ea500000|  0%| F|  |TAMS 0x00000000ea400000, 0x00000000ea400000| Untracked 
| 165|0x00000000ea500000, 0x00000000ea500000, 0x00000000ea600000|  0%| F|  |TAMS 0x00000000ea500000, 0x00000000ea500000| Untracked 
| 166|0x00000000ea600000, 0x00000000ea600000, 0x00000000ea700000|  0%| F|  |TAMS 0x00000000ea600000, 0x00000000ea600000| Untracked 
| 167|0x00000000ea700000, 0x00000000ea700000, 0x00000000ea800000|  0%| F|  |TAMS 0x00000000ea700000, 0x00000000ea700000| Untracked 
| 168|0x00000000ea800000, 0x00000000ea800000, 0x00000000ea900000|  0%| F|  |TAMS 0x00000000ea800000, 0x00000000ea800000| Untracked 
| 169|0x00000000ea900000, 0x00000000ea900000, 0x00000000eaa00000|  0%| F|  |TAMS 0x00000000ea900000, 0x00000000ea900000| Untracked 
| 170|0x00000000eaa00000, 0x00000000eaa00000, 0x00000000eab00000|  0%| F|  |TAMS 0x00000000eaa00000, 0x00000000eaa00000| Untracked 
| 171|0x00000000eab00000, 0x00000000eab11180, 0x00000000eac00000|  6%| E|  |TAMS 0x00000000eab00000, 0x00000000eab00000| Complete 
| 172|0x00000000eac00000, 0x00000000ead00000, 0x00000000ead00000|100%| E|  |TAMS 0x00000000eac00000, 0x00000000eac00000| Complete 
| 173|0x00000000ead00000, 0x00000000eae00000, 0x00000000eae00000|100%| E|CS|TAMS 0x00000000ead00000, 0x00000000ead00000| Complete 
| 174|0x00000000eae00000, 0x00000000eaf00000, 0x00000000eaf00000|100%| E|CS|TAMS 0x00000000eae00000, 0x00000000eae00000| Complete 
| 175|0x00000000eaf00000, 0x00000000eb000000, 0x00000000eb000000|100%| E|CS|TAMS 0x00000000eaf00000, 0x00000000eaf00000| Complete 
| 176|0x00000000eb000000, 0x00000000eb100000, 0x00000000eb100000|100%| E|CS|TAMS 0x00000000eb000000, 0x00000000eb000000| Complete 
| 177|0x00000000eb100000, 0x00000000eb200000, 0x00000000eb200000|100%| E|CS|TAMS 0x00000000eb100000, 0x00000000eb100000| Complete 
| 178|0x00000000eb200000, 0x00000000eb300000, 0x00000000eb300000|100%| E|CS|TAMS 0x00000000eb200000, 0x00000000eb200000| Complete 
| 179|0x00000000eb300000, 0x00000000eb400000, 0x00000000eb400000|100%| E|CS|TAMS 0x00000000eb300000, 0x00000000eb300000| Complete 
| 180|0x00000000eb400000, 0x00000000eb500000, 0x00000000eb500000|100%| E|CS|TAMS 0x00000000eb400000, 0x00000000eb400000| Complete 
| 181|0x00000000eb500000, 0x00000000eb600000, 0x00000000eb600000|100%| E|CS|TAMS 0x00000000eb500000, 0x00000000eb500000| Complete 
| 182|0x00000000eb600000, 0x00000000eb700000, 0x00000000eb700000|100%| E|CS|TAMS 0x00000000eb600000, 0x00000000eb600000| Complete 
| 183|0x00000000eb700000, 0x00000000eb800000, 0x00000000eb800000|100%| E|CS|TAMS 0x00000000eb700000, 0x00000000eb700000| Complete 
| 184|0x00000000eb800000, 0x00000000eb900000, 0x00000000eb900000|100%| E|CS|TAMS 0x00000000eb800000, 0x00000000eb800000| Complete 
| 185|0x00000000eb900000, 0x00000000eba00000, 0x00000000eba00000|100%| E|CS|TAMS 0x00000000eb900000, 0x00000000eb900000| Complete 
| 186|0x00000000eba00000, 0x00000000ebb00000, 0x00000000ebb00000|100%| E|CS|TAMS 0x00000000eba00000, 0x00000000eba00000| Complete 
| 187|0x00000000ebb00000, 0x00000000ebc00000, 0x00000000ebc00000|100%| E|CS|TAMS 0x00000000ebb00000, 0x00000000ebb00000| Complete 
| 188|0x00000000ebc00000, 0x00000000ebd00000, 0x00000000ebd00000|100%| E|CS|TAMS 0x00000000ebc00000, 0x00000000ebc00000| Complete 
| 189|0x00000000ebd00000, 0x00000000ebe00000, 0x00000000ebe00000|100%| E|CS|TAMS 0x00000000ebd00000, 0x00000000ebd00000| Complete 
| 190|0x00000000ebe00000, 0x00000000ebf00000, 0x00000000ebf00000|100%| E|CS|TAMS 0x00000000ebe00000, 0x00000000ebe00000| Complete 
| 191|0x00000000ebf00000, 0x00000000ec000000, 0x00000000ec000000|100%| E|CS|TAMS 0x00000000ebf00000, 0x00000000ebf00000| Complete 
| 192|0x00000000ec000000, 0x00000000ec100000, 0x00000000ec100000|100%| E|CS|TAMS 0x00000000ec000000, 0x00000000ec000000| Complete 
| 193|0x00000000ec100000, 0x00000000ec200000, 0x00000000ec200000|100%| E|CS|TAMS 0x00000000ec100000, 0x00000000ec100000| Complete 
| 194|0x00000000ec200000, 0x00000000ec300000, 0x00000000ec300000|100%| E|CS|TAMS 0x00000000ec200000, 0x00000000ec200000| Complete 
| 195|0x00000000ec300000, 0x00000000ec400000, 0x00000000ec400000|100%| S|CS|TAMS 0x00000000ec300000, 0x00000000ec300000| Complete 
| 196|0x00000000ec400000, 0x00000000ec500000, 0x00000000ec500000|100%| S|CS|TAMS 0x00000000ec400000, 0x00000000ec400000| Complete 
| 197|0x00000000ec500000, 0x00000000ec600000, 0x00000000ec600000|100%| S|CS|TAMS 0x00000000ec500000, 0x00000000ec500000| Complete 
| 198|0x00000000ec600000, 0x00000000ec700000, 0x00000000ec700000|100%| S|CS|TAMS 0x00000000ec600000, 0x00000000ec600000| Complete 
| 199|0x00000000ec700000, 0x00000000ec800000, 0x00000000ec800000|100%| S|CS|TAMS 0x00000000ec700000, 0x00000000ec700000| Complete 
| 200|0x00000000ec800000, 0x00000000ec900000, 0x00000000ec900000|100%| S|CS|TAMS 0x00000000ec800000, 0x00000000ec800000| Complete 
| 201|0x00000000ec900000, 0x00000000eca00000, 0x00000000eca00000|100%| S|CS|TAMS 0x00000000ec900000, 0x00000000ec900000| Complete 
| 202|0x00000000eca00000, 0x00000000ecb00000, 0x00000000ecb00000|100%| E|CS|TAMS 0x00000000eca00000, 0x00000000eca00000| Complete 
| 203|0x00000000ecb00000, 0x00000000ecc00000, 0x00000000ecc00000|100%| E|CS|TAMS 0x00000000ecb00000, 0x00000000ecb00000| Complete 
| 204|0x00000000ecc00000, 0x00000000ecd00000, 0x00000000ecd00000|100%| E|CS|TAMS 0x00000000ecc00000, 0x00000000ecc00000| Complete 
| 205|0x00000000ecd00000, 0x00000000ece00000, 0x00000000ece00000|100%| E|CS|TAMS 0x00000000ecd00000, 0x00000000ecd00000| Complete 
| 206|0x00000000ece00000, 0x00000000ecf00000, 0x00000000ecf00000|100%| E|CS|TAMS 0x00000000ece00000, 0x00000000ece00000| Complete 
| 207|0x00000000ecf00000, 0x00000000ed000000, 0x00000000ed000000|100%| E|CS|TAMS 0x00000000ecf00000, 0x00000000ecf00000| Complete 
| 208|0x00000000ed000000, 0x00000000ed100000, 0x00000000ed100000|100%| E|CS|TAMS 0x00000000ed000000, 0x00000000ed000000| Complete 
| 209|0x00000000ed100000, 0x00000000ed200000, 0x00000000ed200000|100%| E|CS|TAMS 0x00000000ed100000, 0x00000000ed100000| Complete 
| 210|0x00000000ed200000, 0x00000000ed300000, 0x00000000ed300000|100%| E|CS|TAMS 0x00000000ed200000, 0x00000000ed200000| Complete 
| 211|0x00000000ed300000, 0x00000000ed400000, 0x00000000ed400000|100%| E|CS|TAMS 0x00000000ed300000, 0x00000000ed300000| Complete 
| 212|0x00000000ed400000, 0x00000000ed500000, 0x00000000ed500000|100%| E|CS|TAMS 0x00000000ed400000, 0x00000000ed400000| Complete 
| 213|0x00000000ed500000, 0x00000000ed600000, 0x00000000ed600000|100%| E|CS|TAMS 0x00000000ed500000, 0x00000000ed500000| Complete 
| 214|0x00000000ed600000, 0x00000000ed700000, 0x00000000ed700000|100%| E|CS|TAMS 0x00000000ed600000, 0x00000000ed600000| Complete 
| 215|0x00000000ed700000, 0x00000000ed800000, 0x00000000ed800000|100%| E|CS|TAMS 0x00000000ed700000, 0x00000000ed700000| Complete 
| 216|0x00000000ed800000, 0x00000000ed900000, 0x00000000ed900000|100%| E|CS|TAMS 0x00000000ed800000, 0x00000000ed800000| Complete 
| 217|0x00000000ed900000, 0x00000000eda00000, 0x00000000eda00000|100%| E|CS|TAMS 0x00000000ed900000, 0x00000000ed900000| Complete 
| 218|0x00000000eda00000, 0x00000000edb00000, 0x00000000edb00000|100%| E|CS|TAMS 0x00000000eda00000, 0x00000000eda00000| Complete 
| 219|0x00000000edb00000, 0x00000000edc00000, 0x00000000edc00000|100%| E|CS|TAMS 0x00000000edb00000, 0x00000000edb00000| Complete 
| 220|0x00000000edc00000, 0x00000000edd00000, 0x00000000edd00000|100%| E|CS|TAMS 0x00000000edc00000, 0x00000000edc00000| Complete 
| 221|0x00000000edd00000, 0x00000000ede00000, 0x00000000ede00000|100%| E|CS|TAMS 0x00000000edd00000, 0x00000000edd00000| Complete 
| 222|0x00000000ede00000, 0x00000000edf00000, 0x00000000edf00000|100%| E|CS|TAMS 0x00000000ede00000, 0x00000000ede00000| Complete 
| 223|0x00000000edf00000, 0x00000000ee000000, 0x00000000ee000000|100%| E|CS|TAMS 0x00000000edf00000, 0x00000000edf00000| Complete 
| 224|0x00000000ee000000, 0x00000000ee100000, 0x00000000ee100000|100%| E|CS|TAMS 0x00000000ee000000, 0x00000000ee000000| Complete 
| 225|0x00000000ee100000, 0x00000000ee200000, 0x00000000ee200000|100%| E|CS|TAMS 0x00000000ee100000, 0x00000000ee100000| Complete 
| 226|0x00000000ee200000, 0x00000000ee300000, 0x00000000ee300000|100%| E|CS|TAMS 0x00000000ee200000, 0x00000000ee200000| Complete 
| 227|0x00000000ee300000, 0x00000000ee400000, 0x00000000ee400000|100%| E|CS|TAMS 0x00000000ee300000, 0x00000000ee300000| Complete 
| 228|0x00000000ee400000, 0x00000000ee500000, 0x00000000ee500000|100%| E|CS|TAMS 0x00000000ee400000, 0x00000000ee400000| Complete 
| 229|0x00000000ee500000, 0x00000000ee600000, 0x00000000ee600000|100%| E|CS|TAMS 0x00000000ee500000, 0x00000000ee500000| Complete 
| 230|0x00000000ee600000, 0x00000000ee700000, 0x00000000ee700000|100%| E|CS|TAMS 0x00000000ee600000, 0x00000000ee600000| Complete 
| 231|0x00000000ee700000, 0x00000000ee800000, 0x00000000ee800000|100%| E|CS|TAMS 0x00000000ee700000, 0x00000000ee700000| Complete 
| 232|0x00000000ee800000, 0x00000000ee900000, 0x00000000ee900000|100%| E|CS|TAMS 0x00000000ee800000, 0x00000000ee800000| Complete 
| 233|0x00000000ee900000, 0x00000000eea00000, 0x00000000eea00000|100%| E|CS|TAMS 0x00000000ee900000, 0x00000000ee900000| Complete 
| 234|0x00000000eea00000, 0x00000000eeb00000, 0x00000000eeb00000|100%| E|CS|TAMS 0x00000000eea00000, 0x00000000eea00000| Complete 
| 235|0x00000000eeb00000, 0x00000000eec00000, 0x00000000eec00000|100%| E|CS|TAMS 0x00000000eeb00000, 0x00000000eeb00000| Complete 
| 236|0x00000000eec00000, 0x00000000eed00000, 0x00000000eed00000|100%| E|CS|TAMS 0x00000000eec00000, 0x00000000eec00000| Complete 
| 237|0x00000000eed00000, 0x00000000eee00000, 0x00000000eee00000|100%| E|CS|TAMS 0x00000000eed00000, 0x00000000eed00000| Complete 
| 238|0x00000000eee00000, 0x00000000eef00000, 0x00000000eef00000|100%| E|CS|TAMS 0x00000000eee00000, 0x00000000eee00000| Complete 
| 239|0x00000000eef00000, 0x00000000ef000000, 0x00000000ef000000|100%| E|CS|TAMS 0x00000000eef00000, 0x00000000eef00000| Complete 
| 240|0x00000000ef000000, 0x00000000ef100000, 0x00000000ef100000|100%| E|CS|TAMS 0x00000000ef000000, 0x00000000ef000000| Complete 
| 241|0x00000000ef100000, 0x00000000ef200000, 0x00000000ef200000|100%| E|CS|TAMS 0x00000000ef100000, 0x00000000ef100000| Complete 
| 242|0x00000000ef200000, 0x00000000ef300000, 0x00000000ef300000|100%| E|CS|TAMS 0x00000000ef200000, 0x00000000ef200000| Complete 
| 243|0x00000000ef300000, 0x00000000ef400000, 0x00000000ef400000|100%| E|CS|TAMS 0x00000000ef300000, 0x00000000ef300000| Complete 
| 244|0x00000000ef400000, 0x00000000ef500000, 0x00000000ef500000|100%| E|CS|TAMS 0x00000000ef400000, 0x00000000ef400000| Complete 
| 245|0x00000000ef500000, 0x00000000ef600000, 0x00000000ef600000|100%| E|CS|TAMS 0x00000000ef500000, 0x00000000ef500000| Complete 
| 246|0x00000000ef600000, 0x00000000ef700000, 0x00000000ef700000|100%| E|CS|TAMS 0x00000000ef600000, 0x00000000ef600000| Complete 
| 247|0x00000000ef700000, 0x00000000ef800000, 0x00000000ef800000|100%| E|CS|TAMS 0x00000000ef700000, 0x00000000ef700000| Complete 
| 248|0x00000000ef800000, 0x00000000ef900000, 0x00000000ef900000|100%| E|CS|TAMS 0x00000000ef800000, 0x00000000ef800000| Complete 
| 249|0x00000000ef900000, 0x00000000efa00000, 0x00000000efa00000|100%| E|CS|TAMS 0x00000000ef900000, 0x00000000ef900000| Complete 
| 250|0x00000000efa00000, 0x00000000efb00000, 0x00000000efb00000|100%| E|CS|TAMS 0x00000000efa00000, 0x00000000efa00000| Complete 
| 251|0x00000000efb00000, 0x00000000efc00000, 0x00000000efc00000|100%| E|CS|TAMS 0x00000000efb00000, 0x00000000efb00000| Complete 
| 252|0x00000000efc00000, 0x00000000efd00000, 0x00000000efd00000|100%| E|CS|TAMS 0x00000000efc00000, 0x00000000efc00000| Complete 
| 253|0x00000000efd00000, 0x00000000efe00000, 0x00000000efe00000|100%| E|CS|TAMS 0x00000000efd00000, 0x00000000efd00000| Complete 
| 254|0x00000000efe00000, 0x00000000eff00000, 0x00000000eff00000|100%| E|CS|TAMS 0x00000000efe00000, 0x00000000efe00000| Complete 
| 255|0x00000000eff00000, 0x00000000f0000000, 0x00000000f0000000|100%| E|CS|TAMS 0x00000000eff00000, 0x00000000eff00000| Complete 

Card table byte_map: [0x000002a367210000,0x000002a367310000] _byte_map_base: 0x000002a366b10000

Marking Bits (Prev, Next): (CMBitMap*) 0x000002a34f2ba458, (CMBitMap*) 0x000002a34f2ba490
 Prev Bits: [0x000002a367410000, 0x000002a367c10000)
 Next Bits: [0x000002a367c10000, 0x000002a368410000)

Polling page: 0x000002a34da40000

Metaspace:

Usage:
  Non-class:     36.36 MB capacity,    35.66 MB ( 98%) used,   613.82 KB (  2%) free+waste,   102.88 KB ( <1%) overhead. 
      Class:      5.67 MB capacity,     5.27 MB ( 93%) used,   361.10 KB (  6%) free+waste,    50.00 KB ( <1%) overhead. 
       Both:     42.03 MB capacity,    40.93 MB ( 97%) used,   974.92 KB (  2%) free+waste,   152.88 KB ( <1%) overhead. 

Virtual space:
  Non-class space:       38.00 MB reserved,      36.50 MB ( 96%) committed 
      Class space:      248.00 MB reserved,       5.75 MB (  2%) committed 
             Both:      286.00 MB reserved,      42.25 MB ( 15%) committed 

Chunk freelists:
   Non-Class:  2.38 KB
       Class:  2.25 KB
        Both:  4.63 KB

CodeHeap 'non-profiled nmethods': size=120000Kb used=1510Kb max_used=1510Kb free=118489Kb
 bounds [0x000002a35f180000, 0x000002a35f3f0000, 0x000002a3666b0000]
CodeHeap 'profiled nmethods': size=120000Kb used=7075Kb max_used=7075Kb free=112925Kb
 bounds [0x000002a357c50000, 0x000002a358340000, 0x000002a35f180000]
CodeHeap 'non-nmethods': size=5760Kb used=2213Kb max_used=2233Kb free=3546Kb
 bounds [0x000002a3576b0000, 0x000002a357920000, 0x000002a357c50000]
 total_blobs=5183 nmethods=3365 adapters=687
 compilation: enabled
              stopped_count=0, restarted_count=0
 full_count=0

Compilation events (10 events):
Event: 15.066 Thread 0x000002a36ae8b800 nmethod 3573 0x000002a358323d10 code [0x000002a358323ee0, 0x000002a358324430]
Event: 15.066 Thread 0x000002a36ae8b800 3572       3       org.objectweb.asm.MethodWriter::visitTypeInsn (116 bytes)
Event: 15.066 Thread 0x000002a36ae8b800 nmethod 3572 0x000002a358324610 code [0x000002a358324800, 0x000002a358324cd0]
Event: 15.066 Thread 0x000002a36ae8b800 3574       1       sun.reflect.generics.tree.MethodTypeSignature::getFormalTypeParameters (5 bytes)
Event: 15.066 Thread 0x000002a36ae8b800 nmethod 3574 0x000002a35f2f6e10 code [0x000002a35f2f6fa0, 0x000002a35f2f70b8]
Event: 15.066 Thread 0x000002a36ae8b800 3571       1       com.google.common.collect.LinkedHashMultimap$ValueEntry::setSuccessorInValueSet (6 bytes)
Event: 15.066 Thread 0x000002a36ae8b800 nmethod 3571 0x000002a35f2f7110 code [0x000002a35f2f72a0, 0x000002a35f2f73f8]
Event: 15.080 Thread 0x000002a36ae8b800 3575       3       jdk.internal.org.objectweb.asm.ClassWriter::visitEnd (1 bytes)
Event: 15.080 Thread 0x000002a36ae8b800 nmethod 3575 0x000002a358324f10 code [0x000002a3583250a0, 0x000002a3583251f8]
Event: 15.085 Thread 0x000002a36ae8b800 3576       3       jdk.internal.org.objectweb.asm.MethodVisitor::visitCode (15 bytes)

GC Heap History (8 events):
Event: 5.841 GC heap before
{Heap before GC invocations=0 (full 0):
 garbage-first heap   total 262144K, used 29696K [0x00000000e0000000, 0x0000000100000000)
  region size 1024K, 24 young (24576K), 0 survivors (0K)
 Metaspace       used 10140K, capacity 10338K, committed 10624K, reserved 264192K
  class space    used 1054K, capacity 1106K, committed 1152K, reserved 253952K
}
Event: 5.848 GC heap after
{Heap after GC invocations=1 (full 0):
 garbage-first heap   total 262144K, used 9371K [0x00000000e0000000, 0x0000000100000000)
  region size 1024K, 3 young (3072K), 3 survivors (3072K)
 Metaspace       used 10140K, capacity 10338K, committed 10624K, reserved 264192K
  class space    used 1054K, capacity 1106K, committed 1152K, reserved 253952K
}
Event: 10.721 GC heap before
{Heap before GC invocations=1 (full 0):
 garbage-first heap   total 262144K, used 105627K [0x00000000e0000000, 0x0000000100000000)
  region size 1024K, 98 young (100352K), 3 survivors (3072K)
 Metaspace       used 20519K, capacity 21091K, committed 21248K, reserved 272384K
  class space    used 2497K, capacity 2698K, committed 2816K, reserved 253952K
}
Event: 10.731 GC heap after
{Heap after GC invocations=2 (full 0):
 garbage-first heap   total 262144K, used 17288K [0x00000000e0000000, 0x0000000100000000)
  region size 1024K, 11 young (11264K), 11 survivors (11264K)
 Metaspace       used 20519K, capacity 21091K, committed 21248K, reserved 272384K
  class space    used 2497K, capacity 2698K, committed 2816K, reserved 253952K
}
Event: 12.675 GC heap before
{Heap before GC invocations=3 (full 0):
 garbage-first heap   total 262144K, used 88968K [0x00000000e0000000, 0x0000000100000000)
  region size 1024K, 73 young (74752K), 11 survivors (11264K)
 Metaspace       used 26692K, capacity 27558K, committed 27648K, reserved 278528K
  class space    used 3510K, capacity 3798K, committed 3840K, reserved 253952K
}
Event: 12.687 GC heap after
{Heap after GC invocations=4 (full 0):
 garbage-first heap   total 262144K, used 31097K [0x00000000e0000000, 0x0000000100000000)
  region size 1024K, 5 young (5120K), 5 survivors (5120K)
 Metaspace       used 26692K, capacity 27558K, committed 27648K, reserved 278528K
  class space    used 3510K, capacity 3798K, committed 3840K, reserved 253952K
}
Event: 13.984 GC heap before
{Heap before GC invocations=4 (full 0):
 garbage-first heap   total 262144K, used 85369K [0x00000000e0000000, 0x0000000100000000)
  region size 1024K, 59 young (60416K), 5 survivors (5120K)
 Metaspace       used 34702K, capacity 35704K, committed 35840K, reserved 286720K
  class space    used 4552K, capacity 4918K, committed 4992K, reserved 253952K
}
Event: 13.995 GC heap after
{Heap after GC invocations=5 (full 0):
 garbage-first heap   total 262144K, used 33617K [0x00000000e0000000, 0x0000000100000000)
  region size 1024K, 7 young (7168K), 7 survivors (7168K)
 Metaspace       used 34702K, capacity 35704K, committed 35840K, reserved 286720K
  class space    used 4552K, capacity 4918K, committed 4992K, reserved 253952K
}

Deoptimization events (10 events):
Event: 14.425 Thread 0x000002a36d2b3000 Uncommon trap: reason=profile_predicate action=maybe_recompile pc=0x000002a35f2ca118 method=java.util.AbstractCollection.addAll(Ljava/util/Collection;)Z @ 15 c2
Event: 14.491 Thread 0x000002a36d2b3000 Uncommon trap: reason=profile_predicate action=maybe_recompile pc=0x000002a35f2ca118 method=java.util.AbstractCollection.addAll(Ljava/util/Collection;)Z @ 15 c2
Event: 14.606 Thread 0x000002a36d2b3000 Uncommon trap: reason=class_check action=maybe_recompile pc=0x000002a35f2ce84c method=java.util.regex.Pattern$Start.match(Ljava/util/regex/Matcher;ILjava/lang/CharSequence;)Z @ 44 c2
Event: 14.607 Thread 0x000002a36d2b3000 Uncommon trap: reason=class_check action=maybe_recompile pc=0x000002a35f2ce84c method=java.util.regex.Pattern$Start.match(Ljava/util/regex/Matcher;ILjava/lang/CharSequence;)Z @ 44 c2
Event: 14.607 Thread 0x000002a36d2b3000 Uncommon trap: reason=class_check action=maybe_recompile pc=0x000002a35f2ce84c method=java.util.regex.Pattern$Start.match(Ljava/util/regex/Matcher;ILjava/lang/CharSequence;)Z @ 44 c2
Event: 14.607 Thread 0x000002a36d2b3000 Uncommon trap: reason=class_check action=maybe_recompile pc=0x000002a35f2ce84c method=java.util.regex.Pattern$Start.match(Ljava/util/regex/Matcher;ILjava/lang/CharSequence;)Z @ 44 c2
Event: 14.625 Thread 0x000002a36d2b3000 Uncommon trap: reason=class_check action=maybe_recompile pc=0x000002a35f23c4a8 method=java.util.Collections$SetFromMap.remove(Ljava/lang/Object;)Z @ 5 c2
Event: 14.625 Thread 0x000002a36d2b3000 Uncommon trap: reason=class_check action=maybe_recompile pc=0x000002a35f23c4a8 method=java.util.Collections$SetFromMap.remove(Ljava/lang/Object;)Z @ 5 c2
Event: 14.697 Thread 0x000002a36c0ee000 Uncommon trap: reason=unstable_if action=reinterpret pc=0x000002a35f2332bc method=java.lang.StringLatin1.regionMatchesCI([BI[BII)Z @ 66 c2
Event: 14.697 Thread 0x000002a36c0ee000 Uncommon trap: reason=unstable_if action=reinterpret pc=0x000002a35f1e7828 method=java.lang.StringLatin1.regionMatchesCI([BI[BII)Z @ 66 c2

Classes redefined (0 events):
No events

Internal exceptions (10 events):
Event: 14.925 Thread 0x000002a36d2b3000 Exception <a 'java/lang/ClassNotFoundException'{0x00000000ecb94080}: org/gradle/api/internal/artifacts/dsl/dependencies/DefaultDependencyHandlerBeanInfo> (0x00000000ecb94080) thrown at [./open/src/hotspot/share/classfile/systemDictionary.cpp, line 228]
Event: 14.926 Thread 0x000002a36d2b3000 Exception <a 'java/lang/ClassNotFoundException'{0x00000000ecbd05a8}: org/gradle/api/internal/artifacts/dsl/dependencies/DefaultDependencyHandlerCustomizer> (0x00000000ecbd05a8) thrown at [./open/src/hotspot/share/classfile/systemDictionary.cpp, line 228]
Event: 14.928 Thread 0x000002a36d2b3000 Exception <a 'java/lang/ClassNotFoundException'{0x00000000eca36748}: org/gradle/api/internal/artifacts/dsl/dependencies/DefaultDependencyHandler_DecoratedCustomizer> (0x00000000eca36748) thrown at [./open/src/hotspot/share/classfile/systemDictionary.cpp, 
Event: 14.931 Thread 0x000002a36d2b3000 Exception <a 'java/lang/ClassNotFoundException'{0x00000000eca742d0}: sync_studio_tooling10_5acg5jnenzs5qsmhpfm5d6h4g$_run_closure1BeanInfo> (0x00000000eca742d0) thrown at [./open/src/hotspot/share/classfile/systemDictionary.cpp, line 228]
Event: 14.931 Thread 0x000002a36d2b3000 Exception <a 'java/lang/ClassNotFoundException'{0x00000000eca7a640}: sync_studio_tooling10_5acg5jnenzs5qsmhpfm5d6h4g$_run_closure1Customizer> (0x00000000eca7a640) thrown at [./open/src/hotspot/share/classfile/systemDictionary.cpp, line 228]
Event: 14.945 Thread 0x000002a36d2b3000 Exception <a 'java/lang/NoSuchMethodError'{0x00000000ec243bf8}: java.lang.invoke.DirectMethodHandle$Holder.invokeVirtual(Ljava/lang/Object;Ljava/lang/Object;)I> (0x00000000ec243bf8) thrown at [./open/src/hotspot/share/interpreter/linkResolver.cpp, line 77
Event: 14.959 Thread 0x000002a36d2b3000 Exception <a 'java/lang/NoSuchMethodError'{0x00000000ec1466a8}: java.lang.invoke.DirectMethodHandle$Holder.invokeStatic(Ljava/lang/Object;Ljava/lang/Object;ILjava/lang/Object;)Ljava/lang/Object;> (0x00000000ec1466a8) thrown at [./open/src/hotspot/share/in
Event: 14.959 Thread 0x000002a36d2b3000 Exception <a 'java/lang/NoSuchMethodError'{0x00000000ec14d690}: java.lang.invoke.Invokers$Holder.linkToTargetMethod(Ljava/lang/Object;ILjava/lang/Object;Ljava/lang/Object;)Ljava/lang/Object;> (0x00000000ec14d690) thrown at [./open/src/hotspot/share/interp
Event: 15.009 Thread 0x000002a36d2b3000 Exception <a 'java/lang/NoSuchMethodError'{0x00000000ebc3a020}: java.lang.invoke.DirectMethodHandle$Holder.invokeStatic(Ljava/lang/Object;ILjava/lang/Object;)Ljava/lang/Object;> (0x00000000ebc3a020) thrown at [./open/src/hotspot/share/interpreter/linkReso
Event: 15.085 Thread 0x000002a36d2b3000 Exception <a 'java/lang/IncompatibleClassChangeError'{0x00000000eb46cd08}: Found class java.lang.Object, but interface was expected> (0x00000000eb46cd08) thrown at [./open/src/hotspot/share/interpreter/linkResolver.cpp, line 838]

Events (10 events):
Event: 15.083 loading class org/gradle/api/internal/artifacts/ivyservice/ivyresolve/strategy/VersionParser$DefaultVersion
Event: 15.083 loading class org/gradle/api/internal/artifacts/ivyservice/ivyresolve/strategy/VersionParser$DefaultVersion done
Event: 15.084 loading class java/util/Collections$ReverseComparator
Event: 15.084 loading class java/util/Collections$ReverseComparator done
Event: 15.084 loading class java/util/Comparators$NaturalOrderComparator
Event: 15.084 loading class java/util/Comparators$NaturalOrderComparator done
Event: 15.084 loading class java/util/Collections$ReverseComparator2
Event: 15.084 loading class java/util/Collections$ReverseComparator2 done
Event: 15.085 loading class org/gradle/api/internal/artifacts/ivyservice/resolveengine/graph/selectors/ResolvableSelectorState
Event: 15.085 loading class org/gradle/api/internal/artifacts/ivyservice/resolveengine/graph/selectors/ResolvableSelectorState done


Dynamic libraries:
0x00007ff72d940000 - 0x00007ff72d987000 	C:\Programs\Java\jdk-11.0.7\bin\java.exe
0x00007ff90d390000 - 0x00007ff90d585000 	C:\WINDOWS\SYSTEM32\ntdll.dll
0x00007ff90d290000 - 0x00007ff90d34d000 	C:\WINDOWS\System32\KERNEL32.DLL
0x00007ff90ace0000 - 0x00007ff90afa8000 	C:\WINDOWS\System32\KERNELBASE.dll
0x00007ff90b9a0000 - 0x00007ff90ba4c000 	C:\WINDOWS\System32\ADVAPI32.dll
0x00007ff90bea0000 - 0x00007ff90bf3e000 	C:\WINDOWS\System32\msvcrt.dll
0x00007ff90bac0000 - 0x00007ff90bb5b000 	C:\WINDOWS\System32\sechost.dll
0x00007ff90bb60000 - 0x00007ff90bc8b000 	C:\WINDOWS\System32\RPCRT4.dll
0x00007ff90cdc0000 - 0x00007ff90cf60000 	C:\WINDOWS\System32\USER32.dll
0x00007ff90b050000 - 0x00007ff90b072000 	C:\WINDOWS\System32\win32u.dll
0x00007ff90c340000 - 0x00007ff90c36a000 	C:\WINDOWS\System32\GDI32.dll
0x00007ff90b260000 - 0x00007ff90b36b000 	C:\WINDOWS\System32\gdi32full.dll
0x00007ff90afb0000 - 0x00007ff90b04d000 	C:\WINDOWS\System32\msvcp_win.dll
0x00007ff90abe0000 - 0x00007ff90ace0000 	C:\WINDOWS\System32\ucrtbase.dll
0x00007ff909e90000 - 0x00007ff90a12a000 	C:\WINDOWS\WinSxS\amd64_microsoft.windows.common-controls_6595b64144ccf1df_6.0.19041.1052_none_60b8f8fd71f5e8cb\COMCTL32.dll
0x00007ff9076a0000 - 0x00007ff9076aa000 	C:\WINDOWS\SYSTEM32\VERSION.dll
0x00007ff90c580000 - 0x00007ff90c5b0000 	C:\WINDOWS\System32\IMM32.DLL
0x00007ff903550000 - 0x00007ff903566000 	C:\Programs\Java\jdk-11.0.7\bin\vcruntime140.dll
0x00007ff8f0d90000 - 0x00007ff8f0e3a000 	C:\Programs\Java\jdk-11.0.7\bin\msvcp140.dll
0x00007ff8ecb40000 - 0x00007ff8ed6a1000 	C:\Programs\Java\jdk-11.0.7\bin\server\jvm.dll
0x00007ff90bab0000 - 0x00007ff90bab8000 	C:\WINDOWS\System32\PSAPI.DLL
0x00007ff8fdeb0000 - 0x00007ff8fded7000 	C:\WINDOWS\SYSTEM32\WINMM.dll
0x00007ff8f3430000 - 0x00007ff8f3439000 	C:\WINDOWS\SYSTEM32\WSOCK32.dll
0x00007ff90bf40000 - 0x00007ff90bfab000 	C:\WINDOWS\System32\WS2_32.dll
0x00007ff9086d0000 - 0x00007ff9086e2000 	C:\WINDOWS\SYSTEM32\kernel.appcore.dll
0x00007ff903530000 - 0x00007ff903541000 	C:\Programs\Java\jdk-11.0.7\bin\verify.dll
0x00007ff90a400000 - 0x00007ff90a5e4000 	C:\WINDOWS\SYSTEM32\DBGHELP.DLL
0x00007ff90a230000 - 0x00007ff90a25c000 	C:\WINDOWS\SYSTEM32\dbgcore.DLL
0x00007ff90b370000 - 0x00007ff90b3f3000 	C:\WINDOWS\System32\bcryptPrimitives.dll
0x00007ff903310000 - 0x00007ff903339000 	C:\Programs\Java\jdk-11.0.7\bin\java.dll
0x00007ff9051d0000 - 0x00007ff9051da000 	C:\Programs\Java\jdk-11.0.7\bin\jimage.dll
0x00007ff9032f0000 - 0x00007ff903306000 	C:\Programs\Java\jdk-11.0.7\bin\zip.dll
0x00007ff90c5b0000 - 0x00007ff90ccef000 	C:\WINDOWS\System32\SHELL32.dll
0x00007ff907f30000 - 0x00007ff9086c0000 	C:\WINDOWS\SYSTEM32\windows.storage.dll
0x00007ff90bfe0000 - 0x00007ff90c335000 	C:\WINDOWS\System32\combase.dll
0x00007ff909df0000 - 0x00007ff909e1c000 	C:\WINDOWS\SYSTEM32\Wldp.dll
0x00007ff90bd70000 - 0x00007ff90be1e000 	C:\WINDOWS\System32\SHCORE.dll
0x00007ff90d230000 - 0x00007ff90d285000 	C:\WINDOWS\System32\shlwapi.dll
0x00007ff90aa10000 - 0x00007ff90aa2f000 	C:\WINDOWS\SYSTEM32\profapi.dll
0x00007ff901ec0000 - 0x00007ff901ed9000 	C:\Programs\Java\jdk-11.0.7\bin\net.dll
0x00007ff8f84d0000 - 0x00007ff8f85db000 	C:\WINDOWS\SYSTEM32\WINHTTP.dll
0x00007ff909cd0000 - 0x00007ff909d3a000 	C:\WINDOWS\system32\mswsock.dll
0x00007ff8fe6b0000 - 0x00007ff8fe6c3000 	C:\Programs\Java\jdk-11.0.7\bin\nio.dll
0x00007ff8f8350000 - 0x00007ff8f8377000 	C:\Users\yoo_j\.gradle\native\8bec1ad78214c89d9ad589b4d07fe93259594b29d510b10fafb7a158f7737e5d\windows-amd64\native-platform.dll
0x00007ff8ef280000 - 0x00007ff8ef3bd000 	C:\Users\yoo_j\.gradle\native\53dbd7edfb1c66fb8903c78663c9afc45aea4f116125fa6feffd364cf09443e8\windows-amd64\native-platform-file-events.dll
0x00007ff905140000 - 0x00007ff905149000 	C:\Programs\Java\jdk-11.0.7\bin\management.dll
0x00007ff903d90000 - 0x00007ff903d9c000 	C:\Programs\Java\jdk-11.0.7\bin\management_ext.dll
0x00007ff90a790000 - 0x00007ff90a7a8000 	C:\WINDOWS\SYSTEM32\CRYPTSP.dll
0x00007ff909520000 - 0x00007ff909554000 	C:\WINDOWS\system32\rsaenh.dll
0x00007ff90b080000 - 0x00007ff90b0a7000 	C:\WINDOWS\System32\bcrypt.dll
0x00007ff90a990000 - 0x00007ff90a9be000 	C:\WINDOWS\SYSTEM32\USERENV.dll
0x00007ff909db0000 - 0x00007ff909dbc000 	C:\WINDOWS\SYSTEM32\CRYPTBASE.dll
0x00007ff909850000 - 0x00007ff90988b000 	C:\WINDOWS\SYSTEM32\IPHLPAPI.DLL
0x00007ff90bfd0000 - 0x00007ff90bfd8000 	C:\WINDOWS\System32\NSI.dll
0x00007ff8fe920000 - 0x00007ff8fe937000 	C:\WINDOWS\SYSTEM32\dhcpcsvc6.DLL
0x00007ff900720000 - 0x00007ff90073d000 	C:\WINDOWS\SYSTEM32\dhcpcsvc.DLL
0x00007ff909890000 - 0x00007ff90995c000 	C:\WINDOWS\SYSTEM32\DNSAPI.dll

dbghelp: loaded successfully - version: 4.0.5 - missing functions: none
symbol engine: initialized successfully - sym options: 0x614 - pdb path: .;C:\Programs\Java\jdk-11.0.7\bin;C:\WINDOWS\SYSTEM32;C:\WINDOWS\WinSxS\amd64_microsoft.windows.common-controls_6595b64144ccf1df_6.0.19041.1052_none_60b8f8fd71f5e8cb;C:\Programs\Java\jdk-11.0.7\bin\server;C:\Users\yoo_j\.gradle\native\8bec1ad78214c89d9ad589b4d07fe93259594b29d510b10fafb7a158f7737e5d\windows-amd64;C:\Users\yoo_j\.gradle\native\53dbd7edfb1c66fb8903c78663c9afc45aea4f116125fa6feffd364cf09443e8\windows-amd64

VM Arguments:
jvm_args: -XX:MaxMetaspaceSize=256m -XX:+HeapDumpOnOutOfMemoryError --add-opens=java.base/java.util=ALL-UNNAMED --add-opens=java.base/java.lang=ALL-UNNAMED --add-opens=java.base/java.lang.invoke=ALL-UNNAMED --add-opens=java.base/java.util=ALL-UNNAMED --add-opens=java.prefs/java.util.prefs=ALL-UNNAMED --add-opens=java.prefs/java.util.prefs=ALL-UNNAMED --add-opens=java.base/java.nio.charset=ALL-UNNAMED --add-opens=java.base/java.net=ALL-UNNAMED --add-opens=java.base/java.util.concurrent.atomic=ALL-UNNAMED -Xms256m -Xmx512m -Dfile.encoding=x-windows-949 -Duser.country=KR -Duser.language=ko -Duser.variant 
java_command: org.gradle.launcher.daemon.bootstrap.GradleDaemon 7.0.2
java_class_path (initial): C:\Users\yoo_j\.gradle\wrapper\dists\gradle-7.0.2-bin\857tjihv64xamwrf0h14cai3r\gradle-7.0.2\lib\gradle-launcher-7.0.2.jar
Launcher Type: SUN_STANDARD

[Global flags]
     intx CICompilerCount                          = 4                                         {product} {ergonomic}
   size_t CompressedClassSpaceSize                 = 260046848                                 {product} {ergonomic}
     uint ConcGCThreads                            = 2                                         {product} {ergonomic}
     uint G1ConcRefinementThreads                  = 8                                         {product} {ergonomic}
   size_t G1HeapRegionSize                         = 1048576                                   {product} {ergonomic}
    uintx GCDrainStackTargetSize                   = 64                                        {product} {ergonomic}
     bool HeapDumpOnOutOfMemoryError               = true                                   {manageable} {command line}
   size_t InitialHeapSize                          = 268435456                                 {product} {command line}
   size_t MarkStackSize                            = 4194304                                   {product} {ergonomic}
   size_t MaxHeapSize                              = 536870912                                 {product} {command line}
   size_t MaxMetaspaceSize                         = 268435456                                 {product} {command line}
   size_t MaxNewSize                               = 321912832                                 {product} {ergonomic}
   size_t MinHeapDeltaBytes                        = 1048576                                   {product} {ergonomic}
    uintx NonNMethodCodeHeapSize                   = 5836300                                {pd product} {ergonomic}
    uintx NonProfiledCodeHeapSize                  = 122910970                              {pd product} {ergonomic}
    uintx ProfiledCodeHeapSize                     = 122910970                              {pd product} {ergonomic}
    uintx ReservedCodeCacheSize                    = 251658240                              {pd product} {ergonomic}
     bool SegmentedCodeCache                       = true                                      {product} {ergonomic}
     bool UseCompressedClassPointers               = true                                 {lp64_product} {ergonomic}
     bool UseCompressedOops                        = true                                 {lp64_product} {ergonomic}
     bool UseG1GC                                  = true                                      {product} {ergonomic}
     bool UseLargePagesIndividualAllocation        = false                                  {pd product} {ergonomic}

Logging:
Log output configuration:
 #0: stdout all=warning uptime,level,tags
 #1: stderr all=off uptime,level,tags

Environment Variables:
JAVA_HOME=C:\Programs\Java\jdk-11.0.7
PATH=C:\Programs\product\18.0.0\dbhomeXE\bin;C:\WINDOWS\system32;C:\WINDOWS;C:\WINDOWS\System32\Wbem;C:\WINDOWS\System32\WindowsPowerShell\v1.0\;C:\WINDOWS\System32\OpenSSH\;C:\Programs\Java\jdk-11.0.7\bin;C:\Programs\Git\cmd;C:\Program Files\MySQL\MySQL Shell 8.0\bin\;C:\Programs\Python\Python39\Scripts\;C:\Programs\Python\Python39\;C:\Users\yoo_j\AppData\Local\Microsoft\WindowsApps;;C:\Programs\Microsoft VS Code\bin;C:\Program Files\Bandizip\;C:\Programs\IntelliJ IDEA Community Edition 2021.1.2\bin;
USERNAME=yoo_j
OS=Windows_NT
PROCESSOR_IDENTIFIER=Intel64 Family 6 Model 142 Stepping 11, GenuineIntel



---------------  S Y S T E M  ---------------

OS: Windows 10 , 64 bit Build 19041 (10.0.19041.1023)

CPU:total 8 (initial active 8) (4 cores per cpu, 2 threads per core) family 6 model 142 stepping 11, cmov, cx8, fxsr, mmx, sse, sse2, sse3, ssse3, sse4.1, sse4.2, popcnt, avx, avx2, aes, clmul, erms, 3dnowpref, lzcnt, ht, tsc, tscinvbit, bmi1, bmi2, adx, fma

Memory: 4k page, system-wide physical 3975M (259M free)
TotalPageFile size 16263M (AvailPageFile size 6M)
current process WorkingSet (physical memory assigned to process): 257M, peak: 259M
current process commit charge ("private bytes"): 437M, peak: 437M

vm_info: Java HotSpot(TM) 64-Bit Server VM (11.0.7+8-LTS) for windows-amd64 JRE (11.0.7+8-LTS), built on Mar 12 2020 02:04:32 by "mach5one" with MS VC++ 15.5 (VS2017)

END.
